<?xml version="1.0" encoding="UTF-8"?>
<!-- Generated by org.testng.reporters.JUnitXMLReporter -->
<testsuite ignored="0" hostname="SarthakDell" failures="2" tests="12" name="Test" time="143.667" errors="0" timestamp="2023-11-04T11:05:09 EDT">
  <testcase classname="com.tutorialsninja.TestCases.RegisterTest" name="verifyingRegisterWithMandatoryFields" time="1.848"/>
  <testcase classname="com.tutorialsninja.TestCases.RegisterTest" name="verifyingRegisterWithAllFields" time="4.042"/>
  <testcase classname="com.tutorialsninja.TestCases.RegisterTest" name="verifyingRegisterWithExistingEmail" time="1.945"/>
  <testcase classname="com.tutorialsninja.TestCases.RegisterTest" name="verifyingRegisterWithNoFields" time="1.613"/>
  <testcase classname="com.tutorialsninja.TestCases.LoginTest" name="verifyLoginWithValidCredentials" time="1.46"/>
  <testcase classname="com.tutorialsninja.TestCases.LoginTest" name="verifyLoginWithInvalidCredentials" time="0.835">
    <failure type="java.lang.AssertionError" message="expected [true] but found [false]">
      <![CDATA[java.lang.AssertionError: expected [true] but found [false]
at com.tutorialsninja.TestCases.LoginTest.verifyLoginWithInvalidCredentials(LoginTest.java:46)
at java.base/java.util.ArrayList.forEach(ArrayList.java:1511)
... Removed 31 stack frames]]>
    </failure>
  </testcase> <!-- verifyLoginWithInvalidCredentials -->
  <testcase classname="com.tutorialsninja.TestCases.LoginTest" name="verifyLoginWithValidEmailInvalidPassword" time="0.731"/>
  <testcase classname="com.tutorialsninja.TestCases.LoginTest" name="verifyLoginWithInvalidEmailValidPassword" time="0.97">
    <failure type="java.lang.AssertionError" message="expected [true] but found [false]">
      <![CDATA[java.lang.AssertionError: expected [true] but found [false]
at com.tutorialsninja.TestCases.LoginTest.verifyLoginWithInvalidEmailValidPassword(LoginTest.java:69)
at java.base/java.util.ArrayList.forEach(ArrayList.java:1511)
... Removed 31 stack frames]]>
    </failure>
  </testcase> <!-- verifyLoginWithInvalidEmailValidPassword -->
  <testcase classname="com.tutorialsninja.TestCases.LoginTest" name="verifyLoginWithNoCredentials" time="0.538"/>
  <testcase classname="com.tutorialsninja.TestCases.SearchProductTest" name="verifySearchWithValidProduct" time="1.072"/>
  <testcase classname="com.tutorialsninja.TestCases.SearchProductTest" name="verifySearchWithInvalidProduct" time="0.607"/>
  <testcase classname="com.tutorialsninja.TestCases.SearchProductTest" name="verifySearchWithNoProduct" time="1.144"/>
</testsuite> <!-- Test -->
